2009-02-14 09:07:54 Warning: Warning (2): Missing argument 2 for Controller::flash(), called in C:\wamp\www\cake\app\controllers\posts_controller.php on line 25 and defined in [CORE\cake\libs\controller\controller.php, line 833]
2009-02-14 09:08:10 Warning: Warning (2): Missing argument 2 for Controller::flash(), called in C:\wamp\www\cake\app\controllers\posts_controller.php on line 25 and defined in [CORE\cake\libs\controller\controller.php, line 833]
2009-02-14 09:08:12 Warning: Warning (2): Missing argument 2 for Controller::flash(), called in C:\wamp\www\cake\app\controllers\posts_controller.php on line 25 and defined in [CORE\cake\libs\controller\controller.php, line 833]
2009-02-14 09:08:13 Warning: Warning (2): Missing argument 2 for Controller::flash(), called in C:\wamp\www\cake\app\controllers\posts_controller.php on line 25 and defined in [CORE\cake\libs\controller\controller.php, line 833]
2009-02-28 13:53:08 Warning: Warning (2): Illegal offset type in [APP\views\users\index.ctp, line 6]
2009-02-28 13:53:33 Warning: Warning (2): Illegal offset type in [APP\views\users\index.ctp, line 6]
2009-02-28 13:58:21 Warning: Warning (512): <span style = "color:Red;text-align:left"><b>SQL Error:</b> 1062: Duplicate entry 'mamad' for key 1</span> in [CORE\cake\libs\model\datasources\dbo_source.php, line 514]
2009-04-08 12:56:15 Warning: Warning (512): <span style = "color:Red;text-align:left"><b>SQL Error:</b> 1054: Unknown column 'news.i_d' in 'where clause'</span> in [CORE\cake\libs\model\datasources\dbo_source.php, line 514]
2009-04-08 12:56:15 Warning: Warning (2): Invalid argument supplied for foreach() in [APP\views\news\index.ctp, line 2]
2009-04-08 12:56:15 Warning: Warning (512): <span style = "color:Red;text-align:left"><b>SQL Error:</b> 1054: Unknown column 'news.i_d' in 'where clause'</span> in [CORE\cake\libs\model\datasources\dbo_source.php, line 514]
2009-04-08 12:56:15 Warning: Warning (2): Invalid argument supplied for foreach() in [APP\views\news\index.ctp, line 2]
2009-04-13 09:37:11 Warning: Warning (2): Missing argument 1 for ProductsController::show(), called in C:\wamp\www\asrnet\cake\libs\object.php on line 115 and defined in [APP\controllers\products_Controller.php, line 6]
2009-04-13 10:07:02 Warning: Warning (2): Missing argument 1 for ProductsController::show(), called in C:\wamp\www\asrnet\cake\libs\object.php on line 115 and defined in [APP\controllers\products_Controller.php, line 6]
2009-04-13 10:09:03 Warning: Warning (2): Missing argument 1 for ProductsController::show(), called in C:\wamp\www\asrnet\cake\libs\object.php on line 115 and defined in [APP\controllers\products_Controller.php, line 6]
2009-04-13 10:10:44 Warning: Warning (2): Missing argument 1 for ProductsController::show(), called in C:\wamp\www\asrnet\cake\libs\object.php on line 115 and defined in [APP\controllers\products_Controller.php, line 6]
2009-04-13 10:10:47 Warning: Warning (2): Missing argument 1 for ProductsController::show(), called in C:\wamp\www\asrnet\cake\libs\object.php on line 115 and defined in [APP\controllers\products_Controller.php, line 6]
2009-04-13 10:13:14 Warning: Warning (2): Missing argument 1 for ProductsController::show(), called in C:\wamp\www\asrnet\cake\libs\object.php on line 115 and defined in [APP\controllers\products_Controller.php, line 6]
2009-04-13 10:31:57 Warning: Warning (2): Missing argument 1 for ProductsController::show(), called in C:\wamp\www\asrnet\cake\libs\object.php on line 115 and defined in [APP\controllers\products_Controller.php, line 6]
2009-04-13 10:32:36 Warning: Warning (2): Missing argument 1 for ProductsController::show(), called in C:\wamp\www\asrnet\cake\libs\object.php on line 115 and defined in [APP\controllers\products_Controller.php, line 6]
2009-04-13 10:32:36 Warning: Warning (512): <span style = "color:Red;text-align:left"><b>SQL Error:</b> 1054: Unknown column 'Product.services_id' in 'where clause'</span> in [CORE\cake\libs\model\datasources\dbo_source.php, line 514]
2009-04-13 10:32:37 Warning: Warning (2): Missing argument 1 for ProductsController::show(), called in C:\wamp\www\asrnet\cake\libs\object.php on line 115 and defined in [APP\controllers\products_Controller.php, line 6]
2009-04-13 10:32:37 Warning: Warning (512): <span style = "color:Red;text-align:left"><b>SQL Error:</b> 1054: Unknown column 'Product.services_id' in 'where clause'</span> in [CORE\cake\libs\model\datasources\dbo_source.php, line 514]
2009-04-13 11:02:47 Warning: Warning (2): Missing argument 1 for ProductsController::show(), called in C:\wamp\www\asrnet\cake\libs\object.php on line 115 and defined in [APP\controllers\products_Controller.php, line 6]
2009-04-13 11:02:47 Warning: Warning (512): <span style = "color:Red;text-align:left"><b>SQL Error:</b> 1054: Unknown column 'Product.services_id' in 'where clause'</span> in [CORE\cake\libs\model\datasources\dbo_source.php, line 514]
2009-04-13 11:03:13 Warning: Warning (2): Missing argument 1 for ProductsController::show(), called in C:\wamp\www\asrnet\cake\libs\object.php on line 115 and defined in [APP\controllers\products_Controller.php, line 6]
2009-04-13 11:03:13 Warning: Warning (512): <span style = "color:Red;text-align:left"><b>SQL Error:</b> 1054: Unknown column 'Product.services_id' in 'where clause'</span> in [CORE\cake\libs\model\datasources\dbo_source.php, line 514]
2009-04-13 11:03:13 Warning: Warning (2): Invalid argument supplied for foreach() in [APP\views\products\show.ctp, line 6]
2009-04-13 11:07:09 Warning: Warning (2): Missing argument 1 for ProductsController::show(), called in C:\wamp\www\asrnet\cake\libs\object.php on line 115 and defined in [APP\controllers\products_Controller.php, line 6]
2009-04-13 11:08:52 Warning: Warning (2): Missing argument 1 for ProductsController::show(), called in C:\wamp\www\asrnet\cake\libs\object.php on line 115 and defined in [APP\controllers\products_Controller.php, line 6]
2009-04-13 11:09:54 Warning: Warning (2): Missing argument 1 for ProductsController::show(), called in C:\wamp\www\asrnet\cake\libs\object.php on line 115 and defined in [APP\controllers\products_Controller.php, line 6]
2009-04-13 11:10:11 Warning: Warning (2): Missing argument 1 for ProductsController::show(), called in C:\wamp\www\asrnet\cake\libs\object.php on line 115 and defined in [APP\controllers\products_Controller.php, line 6]
2009-04-13 11:10:21 Warning: Warning (2): Missing argument 1 for ProductsController::show(), called in C:\wamp\www\asrnet\cake\libs\object.php on line 115 and defined in [APP\controllers\products_Controller.php, line 6]
2009-04-13 11:13:58 Warning: Warning (2): Missing argument 1 for ProductsController::show(), called in C:\wamp\www\asrnet\cake\libs\object.php on line 115 and defined in [APP\controllers\products_Controller.php, line 6]
2009-04-13 11:14:19 Warning: Warning (2): Missing argument 1 for ProductsController::show(), called in C:\wamp\www\asrnet\cake\libs\object.php on line 115 and defined in [APP\controllers\products_Controller.php, line 6]
2009-04-13 11:16:46 Warning: Warning (2): Missing argument 1 for ProductsController::show(), called in C:\wamp\www\asrnet\cake\libs\object.php on line 115 and defined in [APP\controllers\products_Controller.php, line 6]
2009-04-13 11:17:04 Warning: Warning (2): Missing argument 1 for ProductsController::show(), called in C:\wamp\www\asrnet\cake\libs\object.php on line 115 and defined in [APP\controllers\products_Controller.php, line 6]
2009-04-13 11:18:32 Warning: Warning (2): Missing argument 1 for ProductsController::show(), called in C:\wamp\www\asrnet\cake\libs\object.php on line 115 and defined in [APP\controllers\products_Controller.php, line 6]
2009-04-15 09:25:37 Warning: Warning (512): <span style = "color:Red;text-align:left"><b>SQL Error:</b> 1054: Unknown column 'Payment.transaction_id' in 'on clause'</span> in [CORE\cake\libs\model\datasources\dbo_source.php, line 514]
2009-04-15 09:42:18 Warning: Warning (2): Invalid argument supplied for foreach() in [APP\views\users\newOrder.ctp, line 7]
2009-04-15 11:11:46 Warning: Warning (2): Missing argument 1 for OrdersController::buy(), called in C:\wamp\www\asrnet\cake\libs\object.php on line 115 and defined in [APP\controllers\orders_controller.php, line 7]
2009-04-15 11:11:46 Warning: Warning (2): Missing argument 2 for OrdersController::buy(), called in C:\wamp\www\asrnet\cake\libs\object.php on line 115 and defined in [APP\controllers\orders_controller.php, line 7]
2009-04-15 11:11:46 Warning: Warning (512): <span style = "color:Red;text-align:left"><b>SQL Error:</b> 1048: Column 'product_id' cannot be null</span> in [CORE\cake\libs\model\datasources\dbo_source.php, line 514]
2009-04-15 11:11:46 Warning: Warning (2): Invalid argument supplied for foreach() in [APP\views\orders\buy.ctp, line 7]
2009-04-15 11:11:47 Warning: Warning (2): Missing argument 1 for OrdersController::buy(), called in C:\wamp\www\asrnet\cake\libs\object.php on line 115 and defined in [APP\controllers\orders_controller.php, line 7]
2009-04-15 11:11:47 Warning: Warning (2): Missing argument 2 for OrdersController::buy(), called in C:\wamp\www\asrnet\cake\libs\object.php on line 115 and defined in [APP\controllers\orders_controller.php, line 7]
2009-04-15 11:11:47 Warning: Warning (512): <span style = "color:Red;text-align:left"><b>SQL Error:</b> 1048: Column 'product_id' cannot be null</span> in [CORE\cake\libs\model\datasources\dbo_source.php, line 514]
2009-04-15 11:11:47 Warning: Warning (2): Invalid argument supplied for foreach() in [APP\views\orders\buy.ctp, line 7]
2009-04-15 11:23:28 Warning: Warning (2): Invalid argument supplied for foreach() in [APP\views\users\buy.ctp, line 7]
2009-04-15 12:32:54 Warning: Warning (2): Invalid argument supplied for foreach() in [APP\controllers\users_controller.php, line 32]
2009-04-15 12:36:46 Warning: Warning (2): Invalid argument supplied for foreach() in [APP\controllers\users_controller.php, line 32]
2009-04-15 12:37:18 Warning: Warning (2): Invalid argument supplied for foreach() in [APP\controllers\users_controller.php, line 32]
2009-04-15 12:38:29 Warning: Warning (2): Invalid argument supplied for foreach() in [APP\controllers\users_controller.php, line 32]
2009-04-15 12:47:31 Warning: Warning (2): Invalid argument supplied for foreach() in [APP\controllers\users_controller.php, line 32]
2009-04-15 12:48:59 Warning: Warning (2): Invalid argument supplied for foreach() in [APP\controllers\users_controller.php, line 32]
2009-04-15 12:52:34 Warning: Warning (2): Invalid argument supplied for foreach() in [APP\controllers\users_controller.php, line 32]
2009-04-15 12:52:54 Warning: Warning (2): Invalid argument supplied for foreach() in [APP\controllers\users_controller.php, line 32]
2009-04-15 13:24:48 Warning: Warning (512): <span style = "color:Red;text-align:left"><b>SQL Error:</b> 1054: Unknown column 'Product.order_id' in 'on clause'</span> in [CORE\cake\libs\model\datasources\dbo_source.php, line 514]
2009-04-15 13:24:48 Warning: Warning (2): Invalid argument supplied for foreach() in [APP\controllers\users_controller.php, line 34]
2009-04-18 13:06:36 Warning: Warning (2): file_get_contents(whoisservers.php) [<a href='http://php.net/function.file-get-contents'>function.file-get-contents</a>]: failed to open stream: No such file or directory in [APP\controllers\components\whois.php, line 5]
2009-04-18 13:23:57 Warning: Warning (2): file_get_contents(whoisservers.php) [<a href='http://php.net/function.file-get-contents'>function.file-get-contents</a>]: failed to open stream: No such file or directory in [APP\controllers\components\whois.php, line 5]
2009-04-22 12:18:27 Warning: Warning (512): <span style = "color:Red;text-align:left"><b>SQL Error:</b> 1064: You have an error in your SQL syntax; check the manual that corresponds to your MySQL server version for the right syntax to use near '' at line 1</span> in [CORE\cake\libs\model\datasources\dbo_source.php, line 514]
2009-04-22 12:18:28 Warning: Warning (2): Invalid argument supplied for foreach() in [CORE\cake\libs\model\datasources\dbo\dbo_mysql.php, line 447]
2009-04-22 12:18:28 Warning: Warning (2): array_keys() [<a href='http://php.net/function.array-keys'>function.array-keys</a>]: The first argument should be an array in [CORE\cake\libs\model\datasources\dbo_source.php, line 1656]
2009-04-22 12:18:28 Warning: Warning (2): array_filter() [<a href='http://php.net/function.array-filter'>function.array-filter</a>]: The first argument should be an array in [CORE\cake\libs\model\datasources\dbo_source.php, line 1660]
2009-04-22 12:18:28 Warning: Warning (2): array_values() [<a href='http://php.net/function.array-values'>function.array-values</a>]: The argument should be an array in [CORE\cake\libs\model\datasources\dbo_source.php, line 1660]
2009-04-22 12:18:28 Warning: Warning (2): array_unique() [<a href='http://php.net/function.array-unique'>function.array-unique</a>]: The argument should be an array in [CORE\cake\libs\model\datasources\dbo_source.php, line 1720]
2009-04-22 12:18:28 Warning: Warning (2): array_unique() [<a href='http://php.net/function.array-unique'>function.array-unique</a>]: The argument should be an array in [CORE\cake\libs\model\datasources\dbo_source.php, line 1046]
2009-04-22 12:18:28 Warning: Warning (2): join() [<a href='http://php.net/function.join'>function.join</a>]: Invalid arguments passed in [CORE\cake\libs\model\datasources\dbo_source.php, line 1259]
2009-04-22 12:18:28 Warning: Warning (512): <span style = "color:Red;text-align:left"><b>SQL Error:</b> 1064: You have an error in your SQL syntax; check the manual that corresponds to your MySQL server version for the right syntax to use near 'FROM  AS `Menu`   WHERE 1 = 1' at line 1</span> in [CORE\cake\libs\model\datasources\dbo_source.php, line 514]
2009-04-22 12:18:28 Warning: Warning (2): Invalid argument supplied for foreach() in [APP\views\elements\menu.ctp, line 5]
2009-04-22 12:18:28 Warning: Warning (512): <span style = "color:Red;text-align:left"><b>SQL Error:</b> 1064: You have an error in your SQL syntax; check the manual that corresponds to your MySQL server version for the right syntax to use near 'FROM  AS `news`   WHERE 1 = 1   ORDER BY `id` DESC  LIMIT 5' at line 1</span> in [CORE\cake\libs\model\datasources\dbo_source.php, line 514]
2009-04-22 12:18:28 Warning: Warning (2): Invalid argument supplied for foreach() in [APP\views\elements\news-block.ctp, line 10]
2009-04-22 13:16:18 Warning: Warning (512): <span style = "color:Red;text-align:left"><b>SQL Error:</b> 1064: You have an error in your SQL syntax; check the manual that corresponds to your MySQL server version for the right syntax to use near '.tot FROM `transactions` AS `Transaction` LEFT JOIN `payments` AS `Payment` ON (' at line 1</span> in [CORE\cake\libs\model\datasources\dbo_source.php, line 514]
2009-04-22 13:16:47 Warning: Warning (512): <span style = "color:Red;text-align:left"><b>SQL Error:</b> 1064: You have an error in your SQL syntax; check the manual that corresponds to your MySQL server version for the right syntax to use near '.tot FROM `transactions` AS `Transaction` LEFT JOIN `payments` AS `Payment` ON (' at line 1</span> in [CORE\cake\libs\model\datasources\dbo_source.php, line 514]
2009-04-22 13:17:00 Warning: Warning (512): <span style = "color:Red;text-align:left"><b>SQL Error:</b> 1054: Unknown column 'Transaction.cost' in 'field list'</span> in [CORE\cake\libs\model\datasources\dbo_source.php, line 514]
2009-04-22 13:18:05 Warning: Warning (512): <span style = "color:Red;text-align:left"><b>SQL Error:</b> 1054: Unknown column 'Payment.transaction_id' in 'on clause'</span> in [CORE\cake\libs\model\datasources\dbo_source.php, line 514]
2009-04-22 13:18:44 Warning: Warning (512): <span style = "color:Red;text-align:left"><b>SQL Error:</b> 1064: You have an error in your SQL syntax; check the manual that corresponds to your MySQL server version for the right syntax to use near '.tot FROM `transactions` AS `Transaction` LEFT JOIN `payments` AS `Payment` ON (' at line 1</span> in [CORE\cake\libs\model\datasources\dbo_source.php, line 514]
2009-04-22 13:19:32 Warning: Warning (512): <span style = "color:Red;text-align:left"><b>SQL Error:</b> 1054: Unknown column 'Payment.transaction_id' in 'on clause'</span> in [CORE\cake\libs\model\datasources\dbo_source.php, line 514]
2009-04-25 18:15:03 Warning: Warning (512): <span style = "color:Red;text-align:left"><b>SQL Error:</b> 1054: Unknown column 'Array' in 'field list'</span> in [CORE\cake\libs\model\datasources\dbo_source.php, line 514]
2009-04-26 07:15:34 Warning: Warning (512): <span style = "color:Red;text-align:left"><b>SQL Error:</b> 1: Can't create/write to file 'C:\WINDOWS\TEMP\#sql_e00_0.MYI' (Errcode: 13)</span> in [CORE\cake\libs\model\datasources\dbo_source.php, line 514]
2009-04-26 07:15:34 Warning: Warning (2): Invalid argument supplied for foreach() in [CORE\cake\libs\model\datasources\dbo\dbo_mysql.php, line 447]
2009-04-26 07:15:34 Warning: Warning (2): Cannot modify header information - headers already sent by (output started at C:\wamp\www\asrnet\cake\libs\debugger.php:511) in [CORE\cake\libs\controller\controller.php, line 615]
2009-04-26 07:15:44 Warning: Warning (512): <span style = "color:Red;text-align:left"><b>SQL Error:</b> 1: Can't create/write to file 'C:\WINDOWS\TEMP\#sql_e00_0.MYI' (Errcode: 13)</span> in [CORE\cake\libs\model\datasources\dbo_source.php, line 514]
2009-04-26 07:15:45 Warning: Warning (2): Invalid argument supplied for foreach() in [CORE\cake\libs\model\datasources\dbo\dbo_mysql.php, line 447]
2009-04-26 07:15:45 Warning: Warning (2): Cannot modify header information - headers already sent by (output started at C:\wamp\www\asrnet\cake\libs\debugger.php:511) in [CORE\cake\libs\controller\controller.php, line 615]
2009-04-26 07:16:03 Warning: Warning (512): <span style = "color:Red;text-align:left"><b>SQL Error:</b> 1: Can't create/write to file 'C:\WINDOWS\TEMP\#sql_e00_0.MYI' (Errcode: 13)</span> in [CORE\cake\libs\model\datasources\dbo_source.php, line 514]
2009-04-26 07:16:03 Warning: Warning (2): Invalid argument supplied for foreach() in [CORE\cake\libs\model\datasources\dbo\dbo_mysql.php, line 447]
2009-04-26 07:16:03 Warning: Warning (2): Cannot modify header information - headers already sent by (output started at C:\wamp\www\asrnet\cake\libs\debugger.php:511) in [CORE\cake\libs\controller\controller.php, line 615]
2009-04-26 07:23:46 Warning: Warning (512): <span style = "color:Red;text-align:left"><b>SQL Error:</b> 1: Can't create/write to file 'C:\WINDOWS\TEMP\#sql_e00_0.MYI' (Errcode: 13)</span> in [CORE\cake\libs\model\datasources\dbo_source.php, line 514]
2009-04-26 07:23:46 Warning: Warning (2): Invalid argument supplied for foreach() in [CORE\cake\libs\model\datasources\dbo\dbo_mysql.php, line 447]
2009-04-26 07:23:47 Warning: Warning (512): <span style = "color:Red;text-align:left"><b>SQL Error:</b> 1: Can't create/write to file 'C:\WINDOWS\TEMP\#sql_e00_0.MYI' (Errcode: 13)</span> in [CORE\cake\libs\model\datasources\dbo_source.php, line 514]
2009-04-26 07:23:47 Warning: Warning (2): Invalid argument supplied for foreach() in [CORE\cake\libs\model\datasources\dbo\dbo_mysql.php, line 447]
2009-04-26 07:23:47 Warning: Warning (2): Cannot modify header information - headers already sent by (output started at C:\wamp\www\asrnet\cake\libs\debugger.php:511) in [CORE\cake\libs\controller\controller.php, line 615]
2009-04-26 07:57:19 Warning: Warning (512): <span style = "color:Red;text-align:left"><b>SQL Error:</b> 1: Can't create/write to file 'C:\WINDOWS\TEMP\#sql_e00_0.MYI' (Errcode: 13)</span> in [CORE\cake\libs\model\datasources\dbo_source.php, line 514]
2009-04-26 07:57:19 Warning: Warning (2): Invalid argument supplied for foreach() in [CORE\cake\libs\model\datasources\dbo\dbo_mysql.php, line 447]
2009-04-26 07:57:19 Warning: Warning (2): Cannot modify header information - headers already sent by (output started at C:\wamp\www\asrnet\cake\libs\debugger.php:511) in [CORE\cake\libs\controller\controller.php, line 615]
2009-04-28 15:41:34 Warning: Warning (2): Missing argument 2 for PagesController::display(), called in C:\wamp\www\asrnet\cake\libs\object.php on line 117 and defined in [APP\controllers\pages_controller.php, line 8]
2009-04-28 15:41:35 Warning: Warning (2): Missing argument 2 for PagesController::display(), called in C:\wamp\www\asrnet\cake\libs\object.php on line 117 and defined in [APP\controllers\pages_controller.php, line 8]
2009-04-28 15:49:04 Warning: Warning (512): <span style = "color:Red;text-align:left"><b>SQL Error:</b> 1054: Unknown column 'Page.id' in 'where clause'</span> in [CORE\cake\libs\model\datasources\dbo_source.php, line 514]
2009-04-28 15:49:04 Warning: Warning (512): <span style = "color:Red;text-align:left"><b>SQL Error:</b> 1054: Unknown column 'Page.id' in 'where clause'</span> in [CORE\cake\libs\model\datasources\dbo_source.php, line 514]
2009-04-28 15:51:41 Warning: Warning (2): preg_match() expects parameter 2 to be string, array given in [CORE\cake\libs\model\datasources\dbo_source.php, line 1669]
2009-04-28 15:51:41 Warning: Warning (512): <span style = "color:Red;text-align:left"><b>SQL Error:</b> 1054: Unknown column 'Page.Array' in 'field list'</span> in [CORE\cake\libs\model\datasources\dbo_source.php, line 514]
2009-04-28 15:51:42 Warning: Warning (2): preg_match() expects parameter 2 to be string, array given in [CORE\cake\libs\model\datasources\dbo_source.php, line 1669]
2009-04-28 15:51:42 Warning: Warning (512): <span style = "color:Red;text-align:left"><b>SQL Error:</b> 1054: Unknown column 'Page.Array' in 'field list'</span> in [CORE\cake\libs\model\datasources\dbo_source.php, line 514]
2009-04-28 17:05:50 Warning: Warning (2): mktime() expects parameter 1 to be long, string given in [APP\controllers\components\jtime.php, line 105]
2009-04-28 17:07:38 Warning: Warning (2): mktime() expects parameter 1 to be long, string given in [APP\controllers\components\jtime.php, line 105]
2009-04-28 17:13:06 Warning: Warning (512): <span style = "color:Red;text-align:left"><b>SQL Error:</b> 1048: Column 'date' cannot be null</span> in [CORE\cake\libs\model\datasources\dbo_source.php, line 514]
2009-04-28 17:13:22 Warning: Warning (512): <span style = "color:Red;text-align:left"><b>SQL Error:</b> 1048: Column 'date' cannot be null</span> in [CORE\cake\libs\model\datasources\dbo_source.php, line 514]
2009-05-03 16:51:27 Warning: Warning (2): Invalid argument supplied for foreach() in [APP\views\elements\menu.ctp, line 5]
2009-05-03 16:51:27 Warning: Warning (2): Invalid argument supplied for foreach() in [APP\views\elements\news-block.ctp, line 9]
2009-05-03 16:58:40 Warning: Warning (2): Missing argument 2 for PagesController::display(), called in C:\wamp\www\asrnet\cake\libs\object.php on line 117 and defined in [APP\controllers\pages_controller.php, line 8]
2009-05-03 16:58:41 Warning: Warning (2): Missing argument 2 for PagesController::display(), called in C:\wamp\www\asrnet\cake\libs\object.php on line 117 and defined in [APP\controllers\pages_controller.php, line 8]
2009-05-03 16:58:43 Warning: Warning (2): Missing argument 2 for PagesController::display(), called in C:\wamp\www\asrnet\cake\libs\object.php on line 117 and defined in [APP\controllers\pages_controller.php, line 8]
2009-05-03 16:58:43 Warning: Warning (2): Missing argument 2 for PagesController::display(), called in C:\wamp\www\asrnet\cake\libs\object.php on line 117 and defined in [APP\controllers\pages_controller.php, line 8]
2009-05-03 16:59:51 Warning: Warning (2): Missing argument 2 for PagesController::display(), called in C:\wamp\www\asrnet\cake\libs\object.php on line 117 and defined in [APP\controllers\pages_controller.php, line 8]
2009-05-03 16:59:52 Warning: Warning (2): Missing argument 2 for PagesController::display(), called in C:\wamp\www\asrnet\cake\libs\object.php on line 117 and defined in [APP\controllers\pages_controller.php, line 8]
2009-05-03 17:00:59 Warning: Warning (2): Missing argument 2 for PagesController::display(), called in C:\wamp\www\asrnet\cake\libs\object.php on line 117 and defined in [APP\controllers\pages_controller.php, line 8]
2009-05-03 17:01:00 Warning: Warning (2): Missing argument 2 for PagesController::display(), called in C:\wamp\www\asrnet\cake\libs\object.php on line 117 and defined in [APP\controllers\pages_controller.php, line 8]
2009-05-03 17:01:06 Warning: Warning (2): Missing argument 2 for PagesController::display(), called in C:\wamp\www\asrnet\cake\libs\object.php on line 117 and defined in [APP\controllers\pages_controller.php, line 8]
2009-05-03 17:01:07 Warning: Warning (2): Missing argument 2 for PagesController::display(), called in C:\wamp\www\asrnet\cake\libs\object.php on line 117 and defined in [APP\controllers\pages_controller.php, line 8]
2009-05-03 17:02:22 Warning: Warning (2): Missing argument 2 for PagesController::display(), called in C:\wamp\www\asrnet\cake\libs\object.php on line 117 and defined in [APP\controllers\pages_controller.php, line 8]
2009-05-03 17:02:23 Warning: Warning (2): Missing argument 2 for PagesController::display(), called in C:\wamp\www\asrnet\cake\libs\object.php on line 117 and defined in [APP\controllers\pages_controller.php, line 8]
2009-05-03 17:02:30 Warning: Warning (2): Missing argument 2 for PagesController::display(), called in C:\wamp\www\asrnet\cake\libs\object.php on line 117 and defined in [APP\controllers\pages_controller.php, line 8]
2009-05-03 17:02:31 Warning: Warning (2): Missing argument 2 for PagesController::display(), called in C:\wamp\www\asrnet\cake\libs\object.php on line 117 and defined in [APP\controllers\pages_controller.php, line 8]
2009-05-05 08:38:54 Warning: Warning (2): array_merge() [<a href='http://php.net/function.array-merge'>function.array-merge</a>]: Argument #1 is not an array in [CORE\cake\libs\view\helpers\paginator.php, line 137]
2009-05-05 08:38:54 Warning: Warning (2): array_merge() [<a href='http://php.net/function.array-merge'>function.array-merge</a>]: Argument #2 is not an array in [CORE\cake\libs\view\helpers\paginator.php, line 137]
2009-05-05 08:38:54 Warning: Warning (2): array_merge() [<a href='http://php.net/function.array-merge'>function.array-merge</a>]: Argument #1 is not an array in [CORE\cake\libs\view\helpers\paginator.php, line 275]
2009-05-05 08:38:54 Warning: Warning (2): array_merge() [<a href='http://php.net/function.array-merge'>function.array-merge</a>]: Argument #2 is not an array in [CORE\cake\libs\view\helpers\paginator.php, line 275]
2009-05-05 08:39:48 Warning: Warning (2): array_merge() [<a href='http://php.net/function.array-merge'>function.array-merge</a>]: Argument #1 is not an array in [CORE\cake\libs\view\helpers\paginator.php, line 137]
2009-05-05 08:39:48 Warning: Warning (2): array_merge() [<a href='http://php.net/function.array-merge'>function.array-merge</a>]: Argument #2 is not an array in [CORE\cake\libs\view\helpers\paginator.php, line 137]
2009-05-05 08:39:48 Warning: Warning (2): array_merge() [<a href='http://php.net/function.array-merge'>function.array-merge</a>]: Argument #1 is not an array in [CORE\cake\libs\view\helpers\paginator.php, line 275]
2009-05-05 08:39:48 Warning: Warning (2): array_merge() [<a href='http://php.net/function.array-merge'>function.array-merge</a>]: Argument #2 is not an array in [CORE\cake\libs\view\helpers\paginator.php, line 275]
2009-05-05 08:39:49 Warning: Warning (2): array_merge() [<a href='http://php.net/function.array-merge'>function.array-merge</a>]: Argument #1 is not an array in [CORE\cake\libs\view\helpers\paginator.php, line 137]
2009-05-05 08:39:49 Warning: Warning (2): array_merge() [<a href='http://php.net/function.array-merge'>function.array-merge</a>]: Argument #2 is not an array in [CORE\cake\libs\view\helpers\paginator.php, line 137]
2009-05-05 08:39:50 Warning: Warning (2): array_merge() [<a href='http://php.net/function.array-merge'>function.array-merge</a>]: Argument #1 is not an array in [CORE\cake\libs\view\helpers\paginator.php, line 275]
2009-05-05 08:39:50 Warning: Warning (2): array_merge() [<a href='http://php.net/function.array-merge'>function.array-merge</a>]: Argument #2 is not an array in [CORE\cake\libs\view\helpers\paginator.php, line 275]
2009-05-05 08:40:29 Warning: Warning (2): array_merge() [<a href='http://php.net/function.array-merge'>function.array-merge</a>]: Argument #1 is not an array in [CORE\cake\libs\view\helpers\paginator.php, line 137]
2009-05-05 08:40:29 Warning: Warning (2): array_merge() [<a href='http://php.net/function.array-merge'>function.array-merge</a>]: Argument #2 is not an array in [CORE\cake\libs\view\helpers\paginator.php, line 137]
2009-05-05 08:40:29 Warning: Warning (2): array_merge() [<a href='http://php.net/function.array-merge'>function.array-merge</a>]: Argument #1 is not an array in [CORE\cake\libs\view\helpers\paginator.php, line 275]
2009-05-05 08:40:29 Warning: Warning (2): array_merge() [<a href='http://php.net/function.array-merge'>function.array-merge</a>]: Argument #2 is not an array in [CORE\cake\libs\view\helpers\paginator.php, line 275]
2009-05-05 08:40:32 Warning: Warning (2): array_merge() [<a href='http://php.net/function.array-merge'>function.array-merge</a>]: Argument #1 is not an array in [CORE\cake\libs\view\helpers\paginator.php, line 137]
2009-05-05 08:40:32 Warning: Warning (2): array_merge() [<a href='http://php.net/function.array-merge'>function.array-merge</a>]: Argument #2 is not an array in [CORE\cake\libs\view\helpers\paginator.php, line 137]
2009-05-05 08:40:32 Warning: Warning (2): array_merge() [<a href='http://php.net/function.array-merge'>function.array-merge</a>]: Argument #1 is not an array in [CORE\cake\libs\view\helpers\paginator.php, line 275]
2009-05-05 08:40:32 Warning: Warning (2): array_merge() [<a href='http://php.net/function.array-merge'>function.array-merge</a>]: Argument #2 is not an array in [CORE\cake\libs\view\helpers\paginator.php, line 275]
2009-05-05 08:42:12 Warning: Warning (2): array_merge() [<a href='http://php.net/function.array-merge'>function.array-merge</a>]: Argument #1 is not an array in [CORE\cake\libs\view\helpers\paginator.php, line 137]
2009-05-05 08:42:12 Warning: Warning (2): array_merge() [<a href='http://php.net/function.array-merge'>function.array-merge</a>]: Argument #2 is not an array in [CORE\cake\libs\view\helpers\paginator.php, line 137]
2009-05-05 08:42:12 Warning: Warning (2): array_merge() [<a href='http://php.net/function.array-merge'>function.array-merge</a>]: Argument #1 is not an array in [CORE\cake\libs\view\helpers\paginator.php, line 275]
2009-05-05 08:42:12 Warning: Warning (2): array_merge() [<a href='http://php.net/function.array-merge'>function.array-merge</a>]: Argument #2 is not an array in [CORE\cake\libs\view\helpers\paginator.php, line 275]
2009-05-05 08:42:14 Warning: Warning (2): array_merge() [<a href='http://php.net/function.array-merge'>function.array-merge</a>]: Argument #1 is not an array in [CORE\cake\libs\view\helpers\paginator.php, line 137]
2009-05-05 08:42:14 Warning: Warning (2): array_merge() [<a href='http://php.net/function.array-merge'>function.array-merge</a>]: Argument #2 is not an array in [CORE\cake\libs\view\helpers\paginator.php, line 137]
2009-05-05 08:42:14 Warning: Warning (2): array_merge() [<a href='http://php.net/function.array-merge'>function.array-merge</a>]: Argument #1 is not an array in [CORE\cake\libs\view\helpers\paginator.php, line 275]
2009-05-05 08:42:14 Warning: Warning (2): array_merge() [<a href='http://php.net/function.array-merge'>function.array-merge</a>]: Argument #2 is not an array in [CORE\cake\libs\view\helpers\paginator.php, line 275]
2009-05-05 08:42:59 Warning: Warning (2): array_merge() [<a href='http://php.net/function.array-merge'>function.array-merge</a>]: Argument #1 is not an array in [CORE\cake\libs\view\helpers\paginator.php, line 137]
2009-05-05 08:42:59 Warning: Warning (2): array_merge() [<a href='http://php.net/function.array-merge'>function.array-merge</a>]: Argument #2 is not an array in [CORE\cake\libs\view\helpers\paginator.php, line 137]
2009-05-05 08:42:59 Warning: Warning (2): array_merge() [<a href='http://php.net/function.array-merge'>function.array-merge</a>]: Argument #1 is not an array in [CORE\cake\libs\view\helpers\paginator.php, line 275]
2009-05-05 08:42:59 Warning: Warning (2): array_merge() [<a href='http://php.net/function.array-merge'>function.array-merge</a>]: Argument #2 is not an array in [CORE\cake\libs\view\helpers\paginator.php, line 275]
2009-05-05 08:43:02 Warning: Warning (2): array_merge() [<a href='http://php.net/function.array-merge'>function.array-merge</a>]: Argument #1 is not an array in [CORE\cake\libs\view\helpers\paginator.php, line 137]
2009-05-05 08:43:02 Warning: Warning (2): array_merge() [<a href='http://php.net/function.array-merge'>function.array-merge</a>]: Argument #2 is not an array in [CORE\cake\libs\view\helpers\paginator.php, line 137]
2009-05-05 08:43:02 Warning: Warning (2): array_merge() [<a href='http://php.net/function.array-merge'>function.array-merge</a>]: Argument #1 is not an array in [CORE\cake\libs\view\helpers\paginator.php, line 275]
2009-05-05 08:43:02 Warning: Warning (2): array_merge() [<a href='http://php.net/function.array-merge'>function.array-merge</a>]: Argument #2 is not an array in [CORE\cake\libs\view\helpers\paginator.php, line 275]
2009-05-05 09:55:45 Warning: Warning (512): <span style = "color:Red;text-align:left"><b>SQL Error:</b> 1054: Unknown column 'Transaction.UserId' in 'where clause'</span> in [CORE\cake\libs\model\datasources\dbo_source.php, line 514]
2009-05-05 09:55:45 Warning: Warning (2): Invalid argument supplied for foreach() in [APP\views\users\accounting.ctp, line 14]
2009-05-05 09:55:45 Warning: Warning (512): <span style = "color:Red;text-align:left"><b>SQL Error:</b> 1054: Unknown column 'Transaction.UserId' in 'where clause'</span> in [CORE\cake\libs\model\datasources\dbo_source.php, line 514]
2009-05-05 09:55:46 Warning: Warning (2): Invalid argument supplied for foreach() in [APP\views\users\accounting.ctp, line 14]
2009-05-19 11:44:49 Warning: Warning (2): Invalid argument supplied for foreach() in [APP\views\managers\add_order.ctp, line 22]
2009-05-20 09:13:54 Warning: Warning (512): <span style = "color:Red;text-align:left"><b>SQL Error:</b> 1054: Unknown column 'Page.id' in 'order clause'</span> in [CORE\cake\libs\model\datasources\dbo_source.php, line 514]
2009-05-20 09:13:54 Warning: Warning (2): Invalid argument supplied for foreach() in [APP\views\managers\pages.ctp, line 10]
2009-05-20 09:13:55 Warning: Warning (512): <span style = "color:Red;text-align:left"><b>SQL Error:</b> 1054: Unknown column 'Page.id' in 'order clause'</span> in [CORE\cake\libs\model\datasources\dbo_source.php, line 514]
2009-05-20 09:13:55 Warning: Warning (2): Invalid argument supplied for foreach() in [APP\views\managers\pages.ctp, line 10]
2009-05-20 10:20:44 Warning: Warning (512): <span style = "color:Red;text-align:left"><b>SQL Error:</b> 1054: Unknown column 'Page.id' in 'order clause'</span> in [CORE\cake\libs\model\datasources\dbo_source.php, line 514]
2009-05-20 10:20:44 Warning: Warning (2): Invalid argument supplied for foreach() in [APP\views\managers\pages.ctp, line 10]
2009-05-20 10:20:46 Warning: Warning (512): <span style = "color:Red;text-align:left"><b>SQL Error:</b> 1054: Unknown column 'Page.id' in 'order clause'</span> in [CORE\cake\libs\model\datasources\dbo_source.php, line 514]
2009-05-20 10:20:46 Warning: Warning (2): Invalid argument supplied for foreach() in [APP\views\managers\pages.ctp, line 10]
2009-05-20 10:50:04 Warning: Warning (512): <span style = "color:Red;text-align:left"><b>SQL Error:</b> 1054: Unknown column 'User.transaction_id' in 'on clause'</span> in [CORE\cake\libs\model\datasources\dbo_source.php, line 514]
2009-05-20 10:50:04 Warning: Warning (2): Invalid argument supplied for foreach() in [APP\views\managers\transactions.ctp, line 13]
2009-05-20 10:50:05 Warning: Warning (512): <span style = "color:Red;text-align:left"><b>SQL Error:</b> 1054: Unknown column 'User.transaction_id' in 'on clause'</span> in [CORE\cake\libs\model\datasources\dbo_source.php, line 514]
2009-05-20 10:50:05 Warning: Warning (2): Invalid argument supplied for foreach() in [APP\views\managers\transactions.ctp, line 13]
2009-05-20 11:16:59 Warning: Warning (2): Missing argument 1 for NewsController::index(), called in C:\wamp\www\asrnet\cake\libs\object.php on line 115 and defined in [APP\controllers\news_controller.php, line 6]
2009-05-20 11:17:00 Warning: Warning (2): Missing argument 1 for NewsController::index(), called in C:\wamp\www\asrnet\cake\libs\object.php on line 115 and defined in [APP\controllers\news_controller.php, line 6]
2010-02-26 17:54:22 Warning: Warning (2): session_start() [<a href='http://php.net/function.session-start'>function.session-start</a>]: open(/tmp/sess_f68f350295297413fe1508124c7a506d, O_RDWR) failed: Permission denied (13) in [CORE/cake/libs/session.php, line 537]
2010-02-26 17:54:22 Warning: Warning (2): session_start() [<a href='http://php.net/function.session-start'>function.session-start</a>]: Cannot send session cache limiter - headers already sent (output started at /home/asrenet/public_html/cake/basics.php:111) in [CORE/cake/libs/session.php, line 537]
2010-02-26 17:54:22 Warning: Warning (2): Cannot modify header information - headers already sent by (output started at /home/asrenet/public_html/cake/basics.php:111) in [CORE/cake/libs/session.php, line 538]
2010-02-26 17:54:22 Warning: Warning (2): session_write_close() [<a href='http://php.net/function.session-write-close'>function.session-write-close</a>]: open(/tmp/sess_f68f350295297413fe1508124c7a506d, O_RDWR) failed: Permission denied (13) in [CORE/cake/libs/controller/controller.php, line 529]
2010-02-26 17:54:22 Warning: Warning (2): session_write_close() [<a href='http://php.net/function.session-write-close'>function.session-write-close</a>]: Failed to write session data (files). Please verify that the current setting of session.save_path is correct (/tmp) in [CORE/cake/libs/controller/controller.php, line 529]
2010-02-26 17:54:22 Warning: Warning (2): Cannot modify header information - headers already sent by (output started at /home/asrenet/public_html/cake/basics.php:111) in [CORE/cake/libs/controller/controller.php, line 615]
2010-02-26 18:11:56 Warning: Warning (2): Invalid argument supplied for foreach() in [APP/views/pages/display.ctp, line 26]
2010-02-26 18:11:56 Warning: Warning (2): Invalid argument supplied for foreach() in [APP/views/pages/display.ctp, line 60]
2010-02-26 18:11:56 Warning: Warning (2): Invalid argument supplied for foreach() in [APP/views/pages/display.ctp, line 68]
2010-02-26 18:19:34 Warning: Warning (2): session_start() [<a href='http://php.net/function.session-start'>function.session-start</a>]: open(/tmp/sess_f68f350295297413fe1508124c7a506d, O_RDWR) failed: Permission denied (13) in [CORE/cake/libs/session.php, line 537]
2010-02-26 18:19:34 Warning: Warning (2): session_start() [<a href='http://php.net/function.session-start'>function.session-start</a>]: Cannot send session cache limiter - headers already sent (output started at /home/asrenet/public_html/cake/basics.php:111) in [CORE/cake/libs/session.php, line 537]
2010-02-26 18:19:34 Warning: Warning (2): Cannot modify header information - headers already sent by (output started at /home/asrenet/public_html/cake/basics.php:111) in [CORE/cake/libs/session.php, line 538]
2010-02-26 18:19:35 Warning: Warning (2): session_write_close() [<a href='http://php.net/function.session-write-close'>function.session-write-close</a>]: open(/tmp/sess_f68f350295297413fe1508124c7a506d, O_RDWR) failed: Permission denied (13) in [CORE/cake/libs/session.php, line 170]
2010-02-26 18:19:35 Warning: Warning (2): session_write_close() [<a href='http://php.net/function.session-write-close'>function.session-write-close</a>]: Failed to write session data (files). Please verify that the current setting of session.save_path is correct (/tmp) in [CORE/cake/libs/session.php, line 170]
2010-02-26 18:19:35 Warning: Warning (2): Invalid argument supplied for foreach() in [APP/views/pages/display.ctp, line 26]
2010-02-26 18:19:35 Warning: Warning (2): Invalid argument supplied for foreach() in [APP/views/pages/display.ctp, line 60]
2010-02-26 18:19:35 Warning: Warning (2): Invalid argument supplied for foreach() in [APP/views/pages/display.ctp, line 68]
2010-02-26 18:21:14 Warning: Warning (2): session_start() [<a href='http://php.net/function.session-start'>function.session-start</a>]: open(/tmp/sess_454a4aaec51c8393e63cc5c9af4581f6, O_RDWR) failed: Permission denied (13) in [CORE/cake/libs/session.php, line 537]
2010-02-26 18:21:14 Warning: Warning (2): session_start() [<a href='http://php.net/function.session-start'>function.session-start</a>]: Cannot send session cache limiter - headers already sent (output started at /home/asrenet/public_html/cake/basics.php:111) in [CORE/cake/libs/session.php, line 537]
2010-02-26 18:21:14 Warning: Warning (2): Cannot modify header information - headers already sent by (output started at /home/asrenet/public_html/cake/basics.php:111) in [CORE/cake/libs/session.php, line 538]
2010-02-26 18:21:14 Warning: Warning (2): session_write_close() [<a href='http://php.net/function.session-write-close'>function.session-write-close</a>]: open(/tmp/sess_454a4aaec51c8393e63cc5c9af4581f6, O_RDWR) failed: Permission denied (13) in [CORE/cake/libs/session.php, line 170]
2010-02-26 18:21:14 Warning: Warning (2): session_write_close() [<a href='http://php.net/function.session-write-close'>function.session-write-close</a>]: Failed to write session data (files). Please verify that the current setting of session.save_path is correct (/tmp) in [CORE/cake/libs/session.php, line 170]
2010-02-26 18:21:14 Warning: Warning (2): Invalid argument supplied for foreach() in [APP/views/pages/display.ctp, line 26]
2010-02-26 18:21:14 Warning: Warning (2): Invalid argument supplied for foreach() in [APP/views/pages/display.ctp, line 60]
2010-02-26 18:21:14 Warning: Warning (2): Invalid argument supplied for foreach() in [APP/views/pages/display.ctp, line 68]
2010-02-26 18:21:33 Warning: Warning (2): Invalid argument supplied for foreach() in [APP/views/pages/display.ctp, line 26]
2010-02-26 18:21:33 Warning: Warning (2): Invalid argument supplied for foreach() in [APP/views/pages/display.ctp, line 60]
2010-02-26 18:21:33 Warning: Warning (2): Invalid argument supplied for foreach() in [APP/views/pages/display.ctp, line 68]
2010-02-26 18:22:19 Warning: Warning (2): session_start() [<a href='http://php.net/function.session-start'>function.session-start</a>]: open(/tmp/sess_454a4aaec51c8393e63cc5c9af4581f6, O_RDWR) failed: Permission denied (13) in [CORE/cake/libs/session.php, line 537]
2010-02-26 18:22:19 Warning: Warning (2): session_start() [<a href='http://php.net/function.session-start'>function.session-start</a>]: Cannot send session cache limiter - headers already sent (output started at /home/asrenet/public_html/cake/basics.php:111) in [CORE/cake/libs/session.php, line 537]
2010-02-26 18:22:19 Warning: Warning (2): Cannot modify header information - headers already sent by (output started at /home/asrenet/public_html/cake/basics.php:111) in [CORE/cake/libs/session.php, line 538]
2010-02-26 18:22:20 Warning: Warning (2): session_write_close() [<a href='http://php.net/function.session-write-close'>function.session-write-close</a>]: open(/tmp/sess_454a4aaec51c8393e63cc5c9af4581f6, O_RDWR) failed: Permission denied (13) in [CORE/cake/libs/session.php, line 170]
2010-02-26 18:22:20 Warning: Warning (2): session_write_close() [<a href='http://php.net/function.session-write-close'>function.session-write-close</a>]: Failed to write session data (files). Please verify that the current setting of session.save_path is correct (/tmp) in [CORE/cake/libs/session.php, line 170]
2010-02-26 18:34:40 Warning: Warning (2): session_start() [<a href='http://php.net/function.session-start'>function.session-start</a>]: open(/tmp/sess_f68f350295297413fe1508124c7a506d, O_RDWR) failed: Permission denied (13) in [CORE/cake/libs/session.php, line 537]
2010-02-26 18:34:40 Warning: Warning (2): session_start() [<a href='http://php.net/function.session-start'>function.session-start</a>]: Cannot send session cache limiter - headers already sent (output started at /home/asrenet/public_html/cake/basics.php:111) in [CORE/cake/libs/session.php, line 537]
2010-02-26 18:34:40 Warning: Warning (2): Cannot modify header information - headers already sent by (output started at /home/asrenet/public_html/cake/basics.php:111) in [CORE/cake/libs/session.php, line 538]
2010-02-26 18:34:40 Warning: Warning (2): session_write_close() [<a href='http://php.net/function.session-write-close'>function.session-write-close</a>]: open(/tmp/sess_f68f350295297413fe1508124c7a506d, O_RDWR) failed: Permission denied (13) in [CORE/cake/libs/session.php, line 170]
2010-02-26 18:34:40 Warning: Warning (2): session_write_close() [<a href='http://php.net/function.session-write-close'>function.session-write-close</a>]: Failed to write session data (files). Please verify that the current setting of session.save_path is correct (/tmp) in [CORE/cake/libs/session.php, line 170]
2010-02-26 18:34:40 Warning: Warning (2): Invalid argument supplied for foreach() in [APP/views/pages/display.ctp, line 26]
2010-02-26 18:34:40 Warning: Warning (2): Invalid argument supplied for foreach() in [APP/views/pages/display.ctp, line 60]
2010-02-26 18:34:40 Warning: Warning (2): Invalid argument supplied for foreach() in [APP/views/pages/display.ctp, line 68]
2010-02-26 18:34:54 Warning: Warning (2): session_start() [<a href='http://php.net/function.session-start'>function.session-start</a>]: open(/tmp/sess_f68f350295297413fe1508124c7a506d, O_RDWR) failed: Permission denied (13) in [CORE/cake/libs/session.php, line 537]
2010-02-26 18:34:54 Warning: Warning (2): session_start() [<a href='http://php.net/function.session-start'>function.session-start</a>]: Cannot send session cache limiter - headers already sent (output started at /home/asrenet/public_html/cake/basics.php:111) in [CORE/cake/libs/session.php, line 537]
2010-02-26 18:34:54 Warning: Warning (2): Cannot modify header information - headers already sent by (output started at /home/asrenet/public_html/cake/basics.php:111) in [CORE/cake/libs/session.php, line 538]
2010-02-26 18:34:54 Warning: Warning (2): session_write_close() [<a href='http://php.net/function.session-write-close'>function.session-write-close</a>]: open(/tmp/sess_f68f350295297413fe1508124c7a506d, O_RDWR) failed: Permission denied (13) in [CORE/cake/libs/session.php, line 170]
2010-02-26 18:34:54 Warning: Warning (2): session_write_close() [<a href='http://php.net/function.session-write-close'>function.session-write-close</a>]: Failed to write session data (files). Please verify that the current setting of session.save_path is correct (/tmp) in [CORE/cake/libs/session.php, line 170]
2010-02-26 18:34:54 Warning: Warning (2): Invalid argument supplied for foreach() in [APP/views/pages/display.ctp, line 26]
2010-02-26 18:34:54 Warning: Warning (2): Invalid argument supplied for foreach() in [APP/views/pages/display.ctp, line 60]
2010-02-26 18:34:54 Warning: Warning (2): Invalid argument supplied for foreach() in [APP/views/pages/display.ctp, line 68]
2010-02-26 18:34:55 Warning: Warning (2): session_start() [<a href='http://php.net/function.session-start'>function.session-start</a>]: open(/tmp/sess_f68f350295297413fe1508124c7a506d, O_RDWR) failed: Permission denied (13) in [CORE/cake/libs/session.php, line 537]
2010-02-26 18:34:55 Warning: Warning (2): session_start() [<a href='http://php.net/function.session-start'>function.session-start</a>]: Cannot send session cache limiter - headers already sent (output started at /home/asrenet/public_html/cake/basics.php:111) in [CORE/cake/libs/session.php, line 537]
2010-02-26 18:34:55 Warning: Warning (2): Cannot modify header information - headers already sent by (output started at /home/asrenet/public_html/cake/basics.php:111) in [CORE/cake/libs/session.php, line 538]
2010-02-26 18:34:55 Warning: Warning (2): session_write_close() [<a href='http://php.net/function.session-write-close'>function.session-write-close</a>]: open(/tmp/sess_f68f350295297413fe1508124c7a506d, O_RDWR) failed: Permission denied (13) in [CORE/cake/libs/session.php, line 170]
2010-02-26 18:34:55 Warning: Warning (2): session_write_close() [<a href='http://php.net/function.session-write-close'>function.session-write-close</a>]: Failed to write session data (files). Please verify that the current setting of session.save_path is correct (/tmp) in [CORE/cake/libs/session.php, line 170]
2010-02-26 18:34:55 Warning: Warning (2): Invalid argument supplied for foreach() in [APP/views/pages/display.ctp, line 26]
2010-02-26 18:34:56 Warning: Warning (2): Invalid argument supplied for foreach() in [APP/views/pages/display.ctp, line 60]
2010-02-26 18:34:56 Warning: Warning (2): Invalid argument supplied for foreach() in [APP/views/pages/display.ctp, line 68]
2010-02-26 18:35:54 Warning: Warning (2): session_start() [<a href='http://php.net/function.session-start'>function.session-start</a>]: open(/tmp/sess_f68f350295297413fe1508124c7a506d, O_RDWR) failed: Permission denied (13) in [CORE/cake/libs/session.php, line 537]
2010-02-26 18:35:54 Warning: Warning (2): session_start() [<a href='http://php.net/function.session-start'>function.session-start</a>]: Cannot send session cache limiter - headers already sent (output started at /home/asrenet/public_html/cake/basics.php:111) in [CORE/cake/libs/session.php, line 537]
2010-02-26 18:35:54 Warning: Warning (2): Cannot modify header information - headers already sent by (output started at /home/asrenet/public_html/cake/basics.php:111) in [CORE/cake/libs/session.php, line 538]
2010-02-26 18:35:54 Warning: Warning (2): session_write_close() [<a href='http://php.net/function.session-write-close'>function.session-write-close</a>]: open(/tmp/sess_f68f350295297413fe1508124c7a506d, O_RDWR) failed: Permission denied (13) in [CORE/cake/libs/session.php, line 170]
2010-02-26 18:35:54 Warning: Warning (2): session_write_close() [<a href='http://php.net/function.session-write-close'>function.session-write-close</a>]: Failed to write session data (files). Please verify that the current setting of session.save_path is correct (/tmp) in [CORE/cake/libs/session.php, line 170]
2010-02-26 18:35:54 Warning: Warning (2): Invalid argument supplied for foreach() in [APP/views/pages/display.ctp, line 26]
2010-02-26 18:35:54 Warning: Warning (2): Invalid argument supplied for foreach() in [APP/views/pages/display.ctp, line 60]
2010-02-26 18:35:54 Warning: Warning (2): Invalid argument supplied for foreach() in [APP/views/pages/display.ctp, line 68]
2010-02-26 18:36:49 Warning: Warning (2): Invalid argument supplied for foreach() in [APP/views/pages/display.ctp, line 26]
2010-02-26 18:36:49 Warning: Warning (2): Invalid argument supplied for foreach() in [APP/views/pages/display.ctp, line 60]
2010-02-26 18:36:49 Warning: Warning (2): Invalid argument supplied for foreach() in [APP/views/pages/display.ctp, line 68]
2010-02-27 19:11:16 Warning: Warning (2): Invalid argument supplied for foreach() in [APP/controllers/managers_controller.php, line 540]
2010-02-27 19:11:16 Warning: Warning (2): Invalid argument supplied for foreach() in [APP/controllers/managers_controller.php, line 546]
2010-02-27 19:11:16 Warning: Warning (2): Cannot modify header information - headers already sent by (output started at /home/asrenet/public_html/cake/basics.php:111) in [CORE/cake/libs/controller/controller.php, line 615]
2010-02-27 19:15:45 Warning: Warning (2): Invalid argument supplied for foreach() in [APP/views/users/neworder.ctp, line 23]
2010-02-27 19:16:53 Warning: Warning (2): Invalid argument supplied for foreach() in [APP/views/users/neworder.ctp, line 23]
2010-02-27 19:30:31 Warning: Warning (2): Invalid argument supplied for foreach() in [APP/views/users/neworder.ctp, line 23]
2010-02-27 19:30:36 Warning: Warning (2): Invalid argument supplied for foreach() in [APP/views/users/neworder.ctp, line 23]
2010-12-20 16:33:02 Warning: Warning (2): Invalid argument supplied for foreach() in [APP/views/pages/display.ctp, line 35]
2010-12-20 16:33:02 Warning: Warning (2): Invalid argument supplied for foreach() in [APP/views/pages/display.ctp, line 35]
2010-12-20 16:33:02 Warning: Warning (2): Invalid argument supplied for foreach() in [APP/views/pages/display.ctp, line 72]
2010-12-20 16:33:02 Warning: Warning (2): Invalid argument supplied for foreach() in [APP/views/pages/display.ctp, line 72]
2010-12-20 16:33:02 Warning: Warning (2): Invalid argument supplied for foreach() in [APP/views/pages/display.ctp, line 35]
2010-12-20 16:33:02 Warning: Warning (2): Invalid argument supplied for foreach() in [APP/views/pages/display.ctp, line 80]
2010-12-20 16:33:02 Warning: Warning (2): Invalid argument supplied for foreach() in [APP/views/pages/display.ctp, line 80]
2010-12-20 16:33:02 Warning: Warning (2): Invalid argument supplied for foreach() in [APP/views/pages/display.ctp, line 72]
2010-12-20 16:33:02 Warning: Warning (2): Invalid argument supplied for foreach() in [APP/views/pages/display.ctp, line 80]
2010-12-20 16:33:12 Warning: Warning (2): Invalid argument supplied for foreach() in [APP/views/pages/display.ctp, line 35]
2010-12-20 16:33:12 Warning: Warning (2): Invalid argument supplied for foreach() in [APP/views/pages/display.ctp, line 72]
2010-12-20 16:33:12 Warning: Warning (2): Invalid argument supplied for foreach() in [APP/views/pages/display.ctp, line 80]
2011-10-07 13:46:35 Warning: Warning (2): Invalid argument supplied for foreach() in [APP/views/pages/display.ctp, line 35]
2011-10-07 13:46:36 Warning: Warning (2): Invalid argument supplied for foreach() in [APP/views/pages/display.ctp, line 72]
2011-10-07 13:46:36 Warning: Warning (2): Invalid argument supplied for foreach() in [APP/views/pages/display.ctp, line 80]
2011-11-26 16:06:57 Warning: Warning (2): Invalid argument supplied for foreach() in [APP/views/pages/display.ctp, line 35]
2011-11-26 16:06:59 Warning: Warning (2): Invalid argument supplied for foreach() in [APP/views/pages/display.ctp, line 72]
2011-11-26 16:06:59 Warning: Warning (2): Invalid argument supplied for foreach() in [APP/views/pages/display.ctp, line 80]
2011-11-26 16:07:03 Warning: Warning (2): Invalid argument supplied for foreach() in [APP/views/pages/display.ctp, line 35]
2011-11-26 16:07:03 Warning: Warning (2): Invalid argument supplied for foreach() in [APP/views/pages/display.ctp, line 72]
2011-11-26 16:07:03 Warning: Warning (2): Invalid argument supplied for foreach() in [APP/views/pages/display.ctp, line 80]
2011-11-26 16:07:50 Warning: Warning (2): Invalid argument supplied for foreach() in [APP/views/pages/display.ctp, line 35]
2011-11-26 16:07:50 Warning: Warning (2): Invalid argument supplied for foreach() in [APP/views/pages/display.ctp, line 72]
2011-11-26 16:07:50 Warning: Warning (2): Invalid argument supplied for foreach() in [APP/views/pages/display.ctp, line 80]
2011-11-26 16:12:04 Warning: Warning (2): Invalid argument supplied for foreach() in [APP/views/pages/display.ctp, line 35]
2011-11-26 16:12:04 Warning: Warning (2): Invalid argument supplied for foreach() in [APP/views/pages/display.ctp, line 72]
2011-11-26 16:12:04 Warning: Warning (2): Invalid argument supplied for foreach() in [APP/views/pages/display.ctp, line 80]
2011-11-26 16:15:27 Warning: Warning (2): Invalid argument supplied for foreach() in [APP/views/pages/display.ctp, line 35]
2011-11-26 16:15:28 Warning: Warning (2): Invalid argument supplied for foreach() in [APP/views/pages/display.ctp, line 72]
2011-11-26 16:15:28 Warning: Warning (2): Invalid argument supplied for foreach() in [APP/views/pages/display.ctp, line 80]
2011-11-26 16:15:41 Warning: Warning (2): Invalid argument supplied for foreach() in [APP/views/pages/display.ctp, line 35]
2011-11-26 16:15:41 Warning: Warning (2): Invalid argument supplied for foreach() in [APP/views/pages/display.ctp, line 72]
2011-11-26 16:15:41 Warning: Warning (2): Invalid argument supplied for foreach() in [APP/views/pages/display.ctp, line 80]
2011-11-26 16:15:43 Warning: Warning (2): Missing argument 1 for UsersController::orders(), called in /home/asrenet/public_html/cake/libs/object.php on line 115 and defined in [APP/controllers/users_controller.php, line 211]
2011-11-26 16:16:38 Warning: Warning (2): Cannot modify header information - headers already sent by (output started at /home/asrenet/public_html/cake/basics.php:111) in [CORE/cake/libs/controller/controller.php, line 615]
2011-11-26 16:17:49 Warning: Warning (2): Invalid argument supplied for foreach() in [APP/views/pages/display.ctp, line 35]
2011-11-26 16:17:49 Warning: Warning (2): Invalid argument supplied for foreach() in [APP/views/pages/display.ctp, line 72]
2011-11-26 16:17:49 Warning: Warning (2): Invalid argument supplied for foreach() in [APP/views/pages/display.ctp, line 80]
2011-11-26 16:19:21 Warning: Warning (2): Invalid argument supplied for foreach() in [APP/views/pages/display.ctp, line 35]
2011-11-26 16:19:21 Warning: Warning (2): Invalid argument supplied for foreach() in [APP/views/pages/display.ctp, line 72]
2011-11-26 16:19:21 Warning: Warning (2): Invalid argument supplied for foreach() in [APP/views/pages/display.ctp, line 80]
2011-11-26 16:20:21 Warning: Warning (2): Invalid argument supplied for foreach() in [APP/views/pages/display.ctp, line 35]
2011-11-26 16:20:21 Warning: Warning (2): Invalid argument supplied for foreach() in [APP/views/pages/display.ctp, line 72]
2011-11-26 16:20:21 Warning: Warning (2): Invalid argument supplied for foreach() in [APP/views/pages/display.ctp, line 80]
2011-11-26 16:21:11 Warning: Warning (2): Invalid argument supplied for foreach() in [APP/views/pages/display.ctp, line 35]
2011-11-26 16:21:11 Warning: Warning (2): Invalid argument supplied for foreach() in [APP/views/pages/display.ctp, line 72]
2011-11-26 16:21:11 Warning: Warning (2): Invalid argument supplied for foreach() in [APP/views/pages/display.ctp, line 80]
2011-11-26 16:21:13 Warning: Warning (2): Cannot modify header information - headers already sent by (output started at /home/asrenet/public_html/cake/basics.php:111) in [CORE/cake/libs/controller/controller.php, line 615]
2011-11-26 16:21:22 Warning: Warning (2): Invalid argument supplied for foreach() in [APP/views/pages/display.ctp, line 35]
2011-11-26 16:21:22 Warning: Warning (2): Invalid argument supplied for foreach() in [APP/views/pages/display.ctp, line 72]
2011-11-26 16:21:22 Warning: Warning (2): Invalid argument supplied for foreach() in [APP/views/pages/display.ctp, line 80]
2011-11-26 16:22:05 Warning: Warning (2): Invalid argument supplied for foreach() in [APP/views/pages/display.ctp, line 35]
2011-11-26 16:22:05 Warning: Warning (2): Invalid argument supplied for foreach() in [APP/views/pages/display.ctp, line 72]
2011-11-26 16:22:05 Warning: Warning (2): Invalid argument supplied for foreach() in [APP/views/pages/display.ctp, line 80]
2011-11-26 16:32:08 Warning: Warning (2): Invalid argument supplied for foreach() in [APP/views/pages/display.ctp, line 35]
2011-11-26 16:32:08 Warning: Warning (2): Invalid argument supplied for foreach() in [APP/views/pages/display.ctp, line 72]
2011-11-26 16:32:08 Warning: Warning (2): Invalid argument supplied for foreach() in [APP/views/pages/display.ctp, line 80]
2011-11-26 16:42:03 Warning: Warning (2): Invalid argument supplied for foreach() in [APP/views/pages/display.ctp, line 35]
2011-11-26 16:42:03 Warning: Warning (2): Invalid argument supplied for foreach() in [APP/views/pages/display.ctp, line 72]
2011-11-26 16:42:03 Warning: Warning (2): Invalid argument supplied for foreach() in [APP/views/pages/display.ctp, line 80]
2011-11-26 16:47:21 Warning: Warning (2): Invalid argument supplied for foreach() in [APP/views/pages/display.ctp, line 35]
2011-11-26 16:47:21 Warning: Warning (2): Invalid argument supplied for foreach() in [APP/views/pages/display.ctp, line 72]
2011-11-26 16:47:21 Warning: Warning (2): Invalid argument supplied for foreach() in [APP/views/pages/display.ctp, line 80]
2011-11-26 16:52:05 Warning: Warning (2): Invalid argument supplied for foreach() in [APP/views/pages/display.ctp, line 35]
2011-11-26 16:52:05 Warning: Warning (2): Invalid argument supplied for foreach() in [APP/views/pages/display.ctp, line 72]
2011-11-26 16:52:05 Warning: Warning (2): Invalid argument supplied for foreach() in [APP/views/pages/display.ctp, line 80]
2011-11-26 16:53:51 Warning: Warning (2): Invalid argument supplied for foreach() in [APP/views/pages/display.ctp, line 35]
2011-11-26 16:53:51 Warning: Warning (2): Invalid argument supplied for foreach() in [APP/views/pages/display.ctp, line 72]
2011-11-26 16:53:51 Warning: Warning (2): Invalid argument supplied for foreach() in [APP/views/pages/display.ctp, line 80]
2012-03-02 20:44:52 Warning: Warning (2): Invalid argument supplied for foreach() in [APP/views/pages/display.ctp, line 35]
2012-03-02 20:44:52 Warning: Warning (2): Invalid argument supplied for foreach() in [APP/views/pages/display.ctp, line 72]
2012-03-02 20:44:52 Warning: Warning (2): Invalid argument supplied for foreach() in [APP/views/pages/display.ctp, line 80]
2012-03-14 15:54:10 Warning: Warning (2): Invalid argument supplied for foreach() in [APP/views/pages/display.ctp, line 35]
2012-03-14 15:54:10 Warning: Warning (2): Invalid argument supplied for foreach() in [APP/views/pages/display.ctp, line 72]
2012-03-14 15:54:10 Warning: Warning (2): Invalid argument supplied for foreach() in [APP/views/pages/display.ctp, line 80]
2012-03-14 15:59:47 Warning: Warning (2): Invalid argument supplied for foreach() in [APP/views/users/redirectmerchant.ctp, line 12]
2012-03-14 16:02:39 Warning: Warning (2): Invalid argument supplied for foreach() in [APP/views/pages/display.ctp, line 35]
2012-03-14 16:02:39 Warning: Warning (2): Invalid argument supplied for foreach() in [APP/views/pages/display.ctp, line 72]
2012-03-14 16:02:40 Warning: Warning (2): Invalid argument supplied for foreach() in [APP/views/pages/display.ctp, line 80]
2012-03-14 16:08:42 Warning: Warning (2): Invalid argument supplied for foreach() in [APP/views/pages/display.ctp, line 35]
2012-03-14 16:08:42 Warning: Warning (2): Invalid argument supplied for foreach() in [APP/views/pages/display.ctp, line 72]
2012-03-14 16:08:42 Warning: Warning (2): Invalid argument supplied for foreach() in [APP/views/pages/display.ctp, line 80]
2012-03-14 16:12:39 Warning: Warning (2): Invalid argument supplied for foreach() in [APP/views/pages/display.ctp, line 35]
2012-03-14 16:12:39 Warning: Warning (2): Invalid argument supplied for foreach() in [APP/views/pages/display.ctp, line 72]
2012-03-14 16:12:39 Warning: Warning (2): Invalid argument supplied for foreach() in [APP/views/pages/display.ctp, line 80]
2012-03-14 16:16:19 Warning: Warning (2): Invalid argument supplied for foreach() in [APP/views/pages/display.ctp, line 35]
2012-03-14 16:16:19 Warning: Warning (2): Invalid argument supplied for foreach() in [APP/views/pages/display.ctp, line 72]
2012-03-14 16:16:19 Warning: Warning (2): Invalid argument supplied for foreach() in [APP/views/pages/display.ctp, line 80]
2012-03-14 16:18:37 Warning: Warning (2): Cannot modify header information - headers already sent by (output started at /home/asrenet/public_html/app/controllers/components/zarinpal.php:13) in [CORE/cake/libs/controller/controller.php, line 615]
2012-03-14 16:22:28 Warning: Warning (2): Cannot modify header information - headers already sent by (output started at /home/asrenet/public_html/app/controllers/components/zarinpal.php:13) in [CORE/cake/libs/controller/controller.php, line 615]
2012-03-14 16:22:38 Warning: Warning (2): Invalid argument supplied for foreach() in [APP/views/pages/display.ctp, line 35]
2012-03-14 16:22:38 Warning: Warning (2): Invalid argument supplied for foreach() in [APP/views/pages/display.ctp, line 72]
2012-03-14 16:22:38 Warning: Warning (2): Invalid argument supplied for foreach() in [APP/views/pages/display.ctp, line 80]
2012-03-14 16:28:27 Warning: Warning (2): Invalid argument supplied for foreach() in [APP/views/pages/display.ctp, line 35]
2012-03-14 16:28:27 Warning: Warning (2): Invalid argument supplied for foreach() in [APP/views/pages/display.ctp, line 72]
2012-03-14 16:28:27 Warning: Warning (2): Invalid argument supplied for foreach() in [APP/views/pages/display.ctp, line 80]
2012-03-14 16:30:39 Warning: Warning (2): Invalid argument supplied for foreach() in [APP/views/pages/display.ctp, line 35]
2012-03-14 16:30:39 Warning: Warning (2): Invalid argument supplied for foreach() in [APP/views/pages/display.ctp, line 72]
2012-03-14 16:30:39 Warning: Warning (2): Invalid argument supplied for foreach() in [APP/views/pages/display.ctp, line 80]
2012-03-14 16:30:59 Warning: Warning (2): Invalid argument supplied for foreach() in [APP/views/pages/display.ctp, line 35]
2012-03-14 16:30:59 Warning: Warning (2): Invalid argument supplied for foreach() in [APP/views/pages/display.ctp, line 72]
2012-03-14 16:30:59 Warning: Warning (2): Invalid argument supplied for foreach() in [APP/views/pages/display.ctp, line 80]
2012-03-14 16:31:25 Warning: Warning (2): Invalid argument supplied for foreach() in [APP/views/pages/display.ctp, line 35]
2012-03-14 16:31:25 Warning: Warning (2): Invalid argument supplied for foreach() in [APP/views/pages/display.ctp, line 72]
2012-03-14 16:31:25 Warning: Warning (2): Invalid argument supplied for foreach() in [APP/views/pages/display.ctp, line 80]
2012-03-14 16:32:02 Warning: Warning (2): Cannot modify header information - headers already sent by (output started at /home/asrenet/public_html/app/controllers/components/zarinpal.php:13) in [CORE/cake/libs/controller/controller.php, line 615]
2012-03-14 16:32:11 Warning: Warning (2): Cannot modify header information - headers already sent by (output started at /home/asrenet/public_html/app/controllers/components/zarinpal.php:13) in [CORE/cake/libs/controller/controller.php, line 615]
2012-03-14 16:32:33 Warning: Warning (2): Invalid argument supplied for foreach() in [APP/views/pages/display.ctp, line 35]
2012-03-14 16:32:33 Warning: Warning (2): Invalid argument supplied for foreach() in [APP/views/pages/display.ctp, line 72]
2012-03-14 16:32:33 Warning: Warning (2): Invalid argument supplied for foreach() in [APP/views/pages/display.ctp, line 80]
2012-03-14 16:32:37 Warning: Warning (2): Invalid argument supplied for foreach() in [APP/views/pages/display.ctp, line 35]
2012-03-14 16:32:37 Warning: Warning (2): Invalid argument supplied for foreach() in [APP/views/pages/display.ctp, line 72]
2012-03-14 16:32:37 Warning: Warning (2): Invalid argument supplied for foreach() in [APP/views/pages/display.ctp, line 80]
2012-03-14 16:33:03 Warning: Warning (2): Invalid argument supplied for foreach() in [APP/views/pages/display.ctp, line 35]
2012-03-14 16:33:03 Warning: Warning (2): Invalid argument supplied for foreach() in [APP/views/pages/display.ctp, line 72]
2012-03-14 16:33:03 Warning: Warning (2): Invalid argument supplied for foreach() in [APP/views/pages/display.ctp, line 80]
2012-03-14 16:37:45 Warning: Warning (2): Cannot modify header information - headers already sent by (output started at /home/asrenet/public_html/app/controllers/components/zarinpal.php:13) in [CORE/cake/libs/controller/controller.php, line 615]
2012-03-14 16:52:39 Warning: Warning (2): Invalid argument supplied for foreach() in [APP/views/pages/display.ctp, line 35]
2012-03-14 16:52:39 Warning: Warning (2): Invalid argument supplied for foreach() in [APP/views/pages/display.ctp, line 72]
2012-03-14 16:52:39 Warning: Warning (2): Invalid argument supplied for foreach() in [APP/views/pages/display.ctp, line 80]
2012-03-14 16:58:22 Warning: Warning (2): Cannot modify header information - headers already sent by (output started at /home/asrenet/public_html/app/controllers/components/zarinpal.php:13) in [CORE/cake/libs/controller/controller.php, line 615]
2012-03-14 16:59:07 Warning: Warning (2): Cannot modify header information - headers already sent by (output started at /home/asrenet/public_html/cake/basics.php:111) in [CORE/cake/libs/controller/controller.php, line 615]
2012-03-14 16:59:17 Warning: Warning (2): Invalid argument supplied for foreach() in [APP/views/pages/display.ctp, line 35]
2012-03-14 16:59:17 Warning: Warning (2): Invalid argument supplied for foreach() in [APP/views/pages/display.ctp, line 72]
2012-03-14 16:59:17 Warning: Warning (2): Invalid argument supplied for foreach() in [APP/views/pages/display.ctp, line 80]
2012-03-14 16:59:30 Warning: Warning (2): Invalid argument supplied for foreach() in [APP/views/pages/display.ctp, line 35]
2012-03-14 16:59:30 Warning: Warning (2): Invalid argument supplied for foreach() in [APP/views/pages/display.ctp, line 72]
2012-03-14 16:59:30 Warning: Warning (2): Invalid argument supplied for foreach() in [APP/views/pages/display.ctp, line 80]
2012-03-14 16:59:49 Warning: Warning (2): Invalid argument supplied for foreach() in [APP/views/users/redirectmerchant.ctp, line 12]
2012-03-14 17:00:35 Warning: Warning (2): Invalid argument supplied for foreach() in [APP/views/users/redirectmerchant.ctp, line 12]
2012-03-14 17:00:42 Warning: Warning (2): Invalid argument supplied for foreach() in [APP/views/pages/display.ctp, line 35]
2012-03-14 17:00:42 Warning: Warning (2): Invalid argument supplied for foreach() in [APP/views/pages/display.ctp, line 72]
2012-03-14 17:00:42 Warning: Warning (2): Invalid argument supplied for foreach() in [APP/views/pages/display.ctp, line 80]
